<?xml version="1.0" encoding="UTF-8"?>
<!-- Generated by org.testng.reporters.JUnitReportReporter -->
<testsuite hostname="SILICUS339" name="testClasses.LoginPageTest" tests="2" failures="0" timestamp="10 Oct 2017 12:24:50 GMT" time="20.507" errors="0">
  <testcase name="loginWithCorrectCredential" time="12.548" classname="testClasses.LoginPageTest"/>
  <testcase name="loginWithInCorrectCredential" time="7.959" classname="testClasses.LoginPageTest"/>
</testsuite> <!-- testClasses.LoginPageTest -->
